-------------------------------------------------
build model version 1808 build 1
-------------------------------------------------

Input filename: ./CalcDir/1eix.pdb
Random seed: 1574614077 18444
pH for model building: 7


Structure contains 16 broken sidechains:
  X    25  ILE
  X    57  ILE
  X    66  ILE
  X   114  ILE
  X   180  ILE
  X   193  ILE
  X   209  ILE
  X   226  ILE
  X   256  ILE
  X   288  ILE
  X   297  ILE
  X   345  ILE
  X   411  ILE
  X   424  ILE
  X   440  ILE
  X   457  ILE


Ligand was found automatically:   residue 457 ILE chain X


pKa values:
Group	Type	ResName	ResNum	InsCode	Chain	pKa(calc)	Comment
0	TerN	VAL	1	 	X	  7.58		
4	Asp	ASP	11	 	X	  2.97		
5	Tyr	TYR	12	 	X	 10.73		
6	His	HISA	13	 	X	  6.22		
9	Asp	ASP	16	 	X	  3.39		
10	Asp	ASP	17	 	X	  3.72		
11	Asp	ASP	23	 	X	  3.42		
12	Lys	LYSH	24	 	X	 14.00		
13	Asp	ASP	26	 	X	  3.25		
15	Asp	ASP	29	 	X	  3.43		
16	Cys	CYSH	30	 	X	  8.84		
18	Lys	LYSH	33	 	X	 14.00		
19	Lys	LYSH	36	 	X	 14.00		
20	Glu	GLU	37	 	X	  3.84		
24	Glu	GLU	49	 	X	  3.72		
28	Asp	ASP	56	 	X	  3.14		
29	Asp	ASP	60	 	X	  3.54		
30	Lys	LYSH	62	 	X	 14.00		
31	His	HISA	64	 	X	  6.03		
32	Asp	ASP	65	 	X	  2.81		
35	His	HISA	72	 	X	  6.69		
36	Asp	ASP	79	 	X	  3.10		
39	His	HISA	88	 	X	  5.65		
44	Glu	GLU	101	 	X	  4.38		
45	Lys	LYSH	108	 	X	 14.00		
46	Asp	ASP	109	 	X	  3.36		
50	Glu	GLU	123	 	X	  3.77		
52	Asp	ASP	126	 	X	  3.17		
53	Asp	ASP	129	 	X	  3.83		
56	Asp	ASP	138	 	X	  2.75		
57	Tyr	TYR	139	 	X	 10.59		
58	Glu	GLU	141	 	X	  3.56		
62	Lys	LYSH	149	 	X	 14.00		
63	Cys	CYSH	150	 	X	  8.60		
64	Asp	ASP	153	 	X	  3.16		
65	Cys	CYSH	157	 	X	  8.96		
68	Glu	GLU	161	 	X	  3.87		
70	Lys	LYSH	166	 	X	 14.00		
73	Glu	GLU	172	 	X	  4.71		
74	Lys	LYSH	174	 	X	 14.00		
79	Glu	GLU	186	 	X	  4.32		
80	Asp	ASP	189	 	X	  2.78		
85	Glu	GLU	197	 	X	  4.38		
88	Asp	ASP	205	 	X	  3.01		
89	Tyr	TYR	206	 	X	  9.85		
94	Asp	ASP	218	 	X	  2.92		
97	Lys	LYSH	224	 	X	 14.00		
100	TerN	VAL	232	 	X	  7.58		
104	Asp	ASP	242	 	X	  3.93		
105	Tyr	TYR	243	 	X	 10.66		
106	His	HISA	244	 	X	 10.02		
109	Asp	ASP	247	 	X	  3.40		
110	Asp	ASP	248	 	X	  3.66		
111	Asp	ASP	254	 	X	  3.36		
112	Lys	LYSH	255	 	X	 14.00		
113	Asp	ASP	257	 	X	  3.43		
115	Asp	ASP	260	 	X	  3.58		
116	Cys	CYSH	261	 	X	  8.81		
118	Lys	LYSH	264	 	X	 14.00		
119	Lys	LYSH	267	 	X	 14.00		
120	Glu	GLU	268	 	X	  2.67		
124	Glu	GLU	280	 	X	  4.34		
128	Asp	ASP	287	 	X	  3.18		
129	Asp	ASP	291	 	X	  2.87		
130	Lys	LYSH	293	 	X	 14.00		
131	His	HISA	295	 	X	  6.15		
132	Asp	ASP	296	 	X	  2.48		
135	His	HISA	303	 	X	  7.55		
136	Asp	ASP	310	 	X	  3.60		
139	His	HISA	319	 	X	  5.85		
144	Glu	GLU	332	 	X	  4.26		
145	Lys	LYSH	339	 	X	 14.00		
146	Asp	ASP	340	 	X	  3.35		
150	Glu	GLU	354	 	X	  4.30		
152	Asp	ASP	357	 	X	  3.23		
153	Asp	ASP	360	 	X	  3.94		
156	Asp	ASP	369	 	X	  3.18		
157	Tyr	TYR	370	 	X	 10.52		
158	Glu	GLU	372	 	X	  3.90		
162	Lys	LYSH	380	 	X	 14.00		
163	Cys	CYSH	381	 	X	  8.59		
164	Asp	ASP	384	 	X	  3.26		
165	Cys	CYSH	388	 	X	  9.00		
168	Glu	GLU	392	 	X	  4.04		
170	Lys	LYSH	397	 	X	 14.00		
173	Glu	GLU	403	 	X	  4.70		
174	Lys	LYSH	405	 	X	 14.00		
179	Glu	GLU	417	 	X	  3.83		
180	Asp	ASP	420	 	X	  3.09		
185	Glu	GLU	428	 	X	  4.41		
188	Asp	ASP	436	 	X	  2.81		
189	Tyr	TYR	437	 	X	  9.61		
194	Asp	ASP	449	 	X	  3.10		
197	Lys	LYSH	455	 	X	 14.00		


Build model log:
ResName	ResNum	InsCode	Chain	Actions
ASN	14	 	X	sidechain position changed (flip)	
GLN	45	 	X	sidechain position changed (flip)	
ASN	68	 	X	sidechain position changed (flip)	
GLN	148	 	X	sidechain position changed (flip)	
GLN	171	 	X	sidechain position changed (flip)	
GLN	183	 	X	sidechain position changed (flip)	
GLN	198	 	X	sidechain position changed (flip)	
GLN	215	 	X	sidechain position changed (flip)	
GLN	221	 	X	sidechain position changed (flip)	
ASN	245	 	X	sidechain position changed (flip)	
GLN	276	 	X	sidechain position changed (flip)	
HISA	303	 	X	sidechain position changed	added 1 proton to atom NE2	
GLN	379	 	X	sidechain position changed (flip)	
GLN	402	 	X	sidechain position changed (flip)	
GLN	414	 	X	sidechain position changed (flip)	
GLN	429	 	X	sidechain position changed (flip)	
GLN	446	 	X	sidechain position changed (flip)	
GLN	452	 	X	sidechain position changed (flip)	
HISA	13	 	X	removed 1 proton from atom ND1	added 1 proton to atom NE2	
HISA	64	 	X	removed 1 proton from atom ND1	added 1 proton to atom NE2	
HISA	72	 	X	removed 1 proton from atom ND1	added 1 proton to atom NE2	
HISA	88	 	X	removed 1 proton from atom ND1	added 1 proton to atom NE2	
GLN	231	 	X	added 1 proton to atom O1	
HISA	244	 	X	added 1 proton to atom NE2	
HISA	295	 	X	removed 1 proton from atom ND1	added 1 proton to atom NE2	
HISA	319	 	X	removed 1 proton from atom ND1	added 1 proton to atom NE2	
GLN	462	 	X	added 1 proton to atom O1	

